<?xml version="1.0" encoding="UTF-8"?>
<testsuite name="com.douglas.marsrover.MarsRoverTest" tests="1" skipped="0" failures="0" errors="0" timestamp="2019-08-21T07:27:08" hostname="posefx" time="0.003">
  <properties/>
  <testcase name="newInstanceShouldSetRoverCoordinatesAndDirection" classname="com.douglas.marsrover.MarsRoverTest" time="0.003"/>
  <system-out><![CDATA[]]></system-out>
  <system-err><![CDATA[]]></system-err>
</testsuite>
